[0826/135015.768:ERROR:process_reader_win.cc(123)] NtOpenThread: {Access Denied} A process has requested access to an object, but has not been granted those access rights. (0xc0000022)
[0826/135015.972:ERROR:process_reader_win.cc(123)] NtOpenThread: {Access Denied} A process has requested access to an object, but has not been granted those access rights. (0xc0000022)
[0826/135014.557:ERROR:process_reader_win.cc(123)] NtOpenThread: {Access Denied} A process has requested access to an object, but has not been granted those access rights. (0xc0000022)
[0826/135015.768:ERROR:process_reader_win.cc(123)] NtOpenThread: {Access Denied} A process has requested access to an object, but has not been granted those access rights. (0xc0000022)
[0826/135016.290:ERROR:exception_snapshot_win.cc(98)] thread ID 3400 not found in process
[0826/135016.290:ERROR:exception_snapshot_win.cc(98)] thread ID 8064 not found in process
[0826/135016.291:ERROR:exception_snapshot_win.cc(98)] thread ID 5324 not found in process
[0826/135016.292:ERROR:exception_snapshot_win.cc(98)] thread ID 8916 not found in process
[0826/135016.292:ERROR:scoped_process_suspend.cc(40)] NtResumeProcess: An attempt was made to access an exiting process. (0xc000010a)
[0826/135016.292:ERROR:scoped_process_suspend.cc(40)] NtResumeProcess: An attempt was made to access an exiting process. (0xc000010a)
[0826/135016.287:ERROR:scoped_process_suspend.cc(40)] NtResumeProcess: An attempt was made to access an exiting process. (0xc000010a)
[0826/135016.292:ERROR:scoped_process_suspend.cc(40)] NtResumeProcess: An attempt was made to access an exiting process. (0xc000010a)
[0826/135016.292:ERROR:scoped_process_suspend.cc(40)] NtResumeProcess: An attempt was made to access an exiting process. (0xc000010a)
[0826/135016.917:ERROR:process_info.cc(329)] VirtualQueryEx: Access is denied. (0x5)
[0826/135016.918:ERROR:process_info.cc(556)] ReadMemoryInfo failed
[0826/135016.918:ERROR:scoped_process_suspend.cc(40)] NtResumeProcess: An attempt was made to access an exiting process. (0xc000010a)
[0826/135017.044:ERROR:process_reader_win.cc(123)] NtOpenThread: {Access Denied} A process has requested access to an object, but has not been granted those access rights. (0xc0000022)
[0826/135017.044:ERROR:exception_snapshot_win.cc(98)] thread ID 7980 not found in process
[0826/135017.045:ERROR:scoped_process_suspend.cc(40)] NtResumeProcess: An attempt was made to access an exiting process. (0xc000010a)
[0826/135017.064:ERROR:process_reader_win.cc(123)] NtOpenThread: {Access Denied} A process has requested access to an object, but has not been granted those access rights. (0xc0000022)
[0826/135017.064:ERROR:exception_snapshot_win.cc(98)] thread ID 14200 not found in process
[0826/135017.064:ERROR:scoped_process_suspend.cc(40)] NtResumeProcess: An attempt was made to access an exiting process. (0xc000010a)
[0826/135017.121:ERROR:process_reader_win.cc(123)] NtOpenThread: {Access Denied} A process has requested access to an object, but has not been granted those access rights. (0xc0000022)
[0826/135017.122:ERROR:exception_snapshot_win.cc(98)] thread ID 12936 not found in process
[0826/135017.124:ERROR:process_reader_win.cc(123)] NtOpenThread: {Access Denied} A process has requested access to an object, but has not been granted those access rights. (0xc0000022)
[0826/135017.124:ERROR:exception_snapshot_win.cc(98)] thread ID 13760 not found in process
[0826/135017.124:ERROR:scoped_process_suspend.cc(40)] NtResumeProcess: An attempt was made to access an exiting process. (0xc000010a)
[0826/135017.160:ERROR:process_reader_win.cc(123)] NtOpenThread: {Access Denied} A process has requested access to an object, but has not been granted those access rights. (0xc0000022)
[0826/135017.160:ERROR:exception_snapshot_win.cc(98)] thread ID 3584 not found in process
[0826/135017.160:ERROR:scoped_process_suspend.cc(40)] NtResumeProcess: An attempt was made to access an exiting process. (0xc000010a)
[0826/135017.300:ERROR:process_info.cc(329)] VirtualQueryEx: Access is denied. (0x5)
[0826/135017.300:ERROR:process_info.cc(556)] ReadMemoryInfo failed
[0826/135017.300:ERROR:scoped_process_suspend.cc(40)] NtResumeProcess: An attempt was made to access an exiting process. (0xc000010a)
[0826/135015.843:ERROR:process_reader_win.cc(123)] NtOpenThread: {Access Denied} A process has requested access to an object, but has not been granted those access rights. (0xc0000022)
[0826/135017.408:ERROR:exception_snapshot_win.cc(98)] thread ID 2936 not found in process
[0826/135017.408:ERROR:scoped_process_suspend.cc(40)] NtResumeProcess: An attempt was made to access an exiting process. (0xc000010a)
[0827/105443.834:ERROR:process_reader_win.cc(123)] NtOpenThread: {Access Denied} A process has requested access to an object, but has not been granted those access rights. (0xc0000022)
[0827/105443.912:ERROR:process_reader_win.cc(123)] NtOpenThread: {Access Denied} A process has requested access to an object, but has not been granted those access rights. (0xc0000022)
[0827/105443.834:ERROR:process_reader_win.cc(123)] NtOpenThread: {Access Denied} A process has requested access to an object, but has not been granted those access rights. (0xc0000022)
[0827/105443.834:ERROR:process_reader_win.cc(123)] NtOpenThread: {Access Denied} A process has requested access to an object, but has not been granted those access rights. (0xc0000022)
[0827/105443.881:ERROR:process_reader_win.cc(123)] NtOpenThread: {Access Denied} A process has requested access to an object, but has not been granted those access rights. (0xc0000022)
[0827/105443.881:ERROR:process_reader_win.cc(123)] NtOpenThread: {Access Denied} A process has requested access to an object, but has not been granted those access rights. (0xc0000022)
[0827/105444.975:ERROR:exception_snapshot_win.cc(98)] thread ID 15408 not found in process
[0827/105443.881:ERROR:process_reader_win.cc(123)] NtOpenThread: {Access Denied} A process has requested access to an object, but has not been granted those access rights. (0xc0000022)
[0827/105443.834:ERROR:process_reader_win.cc(123)] NtOpenThread: {Access Denied} A process has requested access to an object, but has not been granted those access rights. (0xc0000022)
[0827/105443.834:ERROR:process_reader_win.cc(123)] NtOpenThread: {Access Denied} A process has requested access to an object, but has not been granted those access rights. (0xc0000022)
[0827/105445.084:ERROR:exception_snapshot_win.cc(98)] thread ID 10328 not found in process
[0827/105445.084:ERROR:exception_snapshot_win.cc(98)] thread ID 3168 not found in process
[0827/105444.975:ERROR:exception_snapshot_win.cc(98)] thread ID 11368 not found in process
[0827/105445.084:ERROR:exception_snapshot_win.cc(98)] thread ID 16660 not found in process
[0827/105445.084:ERROR:exception_snapshot_win.cc(98)] thread ID 15712 not found in process
[0827/105445.084:ERROR:exception_snapshot_win.cc(98)] thread ID 10276 not found in process
[0827/105445.084:ERROR:exception_snapshot_win.cc(98)] thread ID 14592 not found in process
[0827/105445.084:ERROR:exception_snapshot_win.cc(98)] thread ID 16496 not found in process
[0827/105445.084:ERROR:exception_snapshot_win.cc(98)] thread ID 15788 not found in process
[0827/105445.084:ERROR:exception_snapshot_win.cc(98)] thread ID 3876 not found in process
